\BOOKMARK [0][-]{section*.2}{Starter Manual to Quantum GIS for GRASS GIS}{}
\BOOKMARK [1][-]{section*.3}{QUANTUM GIS INTRODUCTION}{section*.2}
\BOOKMARK [1][-]{section*.4}{QUANTUM GIS GRASS PLUGIN}{section*.2}
\BOOKMARK [2][-]{section*.5}{GRASS PLUGIN PROCESSING}{section*.4}
\BOOKMARK [0][-]{section*.6}{Starter Manual to GRASS GIS}{}
\BOOKMARK [1][-]{section*.7}{Introduction}{section*.6}
\BOOKMARK [1][-]{section*.8}{DEM MANIPULATIONS}{section*.6}
\BOOKMARK [2][-]{section*.9}{Compute slope and aspect}{section*.8}
\BOOKMARK [2][-]{section*.10}{Watershed Basin Analysis Program}{section*.8}
\BOOKMARK [2][-]{section*.11}{Stream Pollution Monitoring Station site identification}{section*.8}
\BOOKMARK [1][-]{section*.12}{GRASS GIS Habitat Analysis}{section*.6}
\BOOKMARK [2][-]{section*.13}{Introduction}{section*.12}
\BOOKMARK [2][-]{section*.14}{HABITAT PRESERVATION MISSION}{section*.12}
\BOOKMARK [2][-]{section*.15}{HABITAT SCORING SYSTEM \(from Fish and Wildlife Service\) }{section*.12}
\BOOKMARK [2][-]{section*.16}{PROCESSING THE SCORING MAPS}{section*.12}
\BOOKMARK [2][-]{section*.17}{HABITAT SCORING SCRIPT}{section*.12}
\BOOKMARK [2][-]{section*.18}{FINALIZING THE SCORING MAP}{section*.12}
\BOOKMARK [2][-]{section*.19}{CLUMPING SUITABLE AREAS}{section*.12}
\BOOKMARK [2][-]{section*.20}{EXPORT RESULTS TO VECTOR}{section*.12}
\BOOKMARK [2][-]{section*.21}{Appendix A: Overview of Grass GUI}{section*.12}
\BOOKMARK [2][-]{section*.22}{Appendix B: GRASS SCRIPT}{section*.12}
