\BOOKMARK [1][-]{section*.1}{Was ist GRASS}{}
\BOOKMARK [1][-]{section*.2}{Wo wird GRASS eingesetzt}{}
\BOOKMARK [1][-]{section*.3}{Zur Geschichte von GRASS}{}
\BOOKMARK [1][-]{section*.4}{Open Source Philosophie}{}
\BOOKMARK [1][-]{section*.5}{Technische Daten}{}
\BOOKMARK [2][-]{section*.6}{Lizenz}{section*.5}
\BOOKMARK [2][-]{section*.7}{Unterst\374tzte Platformen}{section*.5}
\BOOKMARK [2][-]{section*.8}{Design}{section*.5}
\BOOKMARK [2][-]{section*.9}{Programmiersprachen}{section*.5}
\BOOKMARK [2][-]{section*.10}{DatenManagement }{section*.5}
\BOOKMARK [1][-]{section*.11}{Unterst\374tzte Dateiformate}{}
\BOOKMARK [2][-]{section*.12}{Unterst\374tzte Vektorformate}{section*.11}
\BOOKMARK [2][-]{section*.13}{Unterst\374tzte Rasterformate}{section*.11}
\BOOKMARK [2][-]{section*.14}{Unterst\374tzte Bildformate}{section*.11}
\BOOKMARK [2][-]{section*.15}{Databanken}{section*.11}
\BOOKMARK [2][-]{section*.16}{Output}{section*.11}
\BOOKMARK [2][-]{section*.17}{Interoperabilit\344t mit anderer Software}{section*.11}
\BOOKMARK [1][-]{section*.18}{Wo finden Sie mehr Informationen}{}
\BOOKMARK [1][-]{section*.19}{GRASS Anwender Vereinigung e. V.}{}
\BOOKMARK [1][-]{section*.20}{OSGeo}{}
